[2025-05-07 22:13:30] [WARNING] Échec de connexion pour l'email: adm@gmail.com (Tentative 1/5)
[2025-05-07 22:47:37] [WARNING] Échec de connexion pour l'email: bouchra@gmail.com (Tentative 1/5)
[2025-05-07 23:46:56] [WARNING] Échec de connexion pour l'email: bouchra123@gmail.com (Tentative 1/5)
[2025-05-08 00:00:12] [WARNING] Échec de connexion pour l'email: bouchra@gmail.com (Tentative 1/5)
[2025-05-08 00:00:49] [WARNING] Échec de connexion pour l'email: bouchra@gmail.com (Tentative 2/5)
[2025-05-08 00:19:01] [WARNING] Échec de connexion pour l'email: bouchra@gmail.com (Tentative 3/5)
[2025-05-08 00:19:41] [WARNING] Échec de connexion pour l'email: bouchra123@gmail.com (Tentative 1/5)
[2025-05-08 00:19:53] [WARNING] Échec de connexion pour l'email: bouchra@gmail.com (Tentative 4/5)
[2025-05-08 00:21:14] [WARNING] Échec de connexion pour l'email: bouchra123@gmail.com (Tentative 1/5)
[2025-05-08 00:21:23] [WARNING] Échec de connexion pour l'email: bouchra@gmail.com (Tentative 5/5)
[2025-05-08 00:58:32] [WARNING] Échec de connexion pour l'email: bouchra1232@gmail.com (Tentative 1/5)
[2025-05-08 01:41:55] [WARNING] Échec de connexion pour l'email: bo@gmail.com (Tentative 1/5)
[2025-05-08 04:52:29] [WARNING] Échec de connexion pour l'email: bo@gmail.com (Tentative 1/5)
[2025-05-08 05:51:21] [WARNING] Échec de connexion pour l'email: bo@gmail.com (Tentative 1/5)
[2025-05-09 23:33:20] [WARNING] Échec de connexion pour l'email: ro@gmail.vom (Tentative 1/5)
[2025-05-09 23:35:18] [WARNING] Échec de connexion pour l'email: najis@gmail.com (Tentative 1/5)
[2025-05-19 23:38:07] [WARNING] Échec de connexion pour l'email: teacher@example.com (Tentative 1/5)
[2025-05-19 23:38:23] [WARNING] Échec de connexion pour l'email: teacher@example.com (Tentative 2/5)
[2025-05-19 23:38:35] [WARNING] Échec de connexion pour l'email: helloo@gmail.com (Tentative 1/5)
[2025-05-19 23:48:23] [WARNING] Échec de connexion pour l'email: teacher@example.com (Tentative 3/5)
[2025-05-19 23:48:58] [WARNING] Échec de connexion pour l'email: 123@gmail.com (Tentative 1/5)
[2025-05-19 23:49:10] [WARNING] Échec de connexion pour l'email: helloo@gmail.com (Tentative 2/5)
[2025-05-19 23:55:43] [WARNING] Échec de connexion pour l'email: teacher@example.com (Tentative 4/5)
[2025-05-20 13:39:08] [WARNING] Échec de connexion pour l'email: admin@example.com (Tentative 1/5)
[2025-05-20 13:54:34] [WARNING] Échec de connexion pour l'email: admin@example.com (Tentative 1/5)
[2025-06-03 08:26:02] [WARNING] Échec de connexion pour l'email: admin@exemple.com (Tentative 1/5)
[2025-06-03 08:30:20] [WARNING] Échec de connexion pour l'email: boo@gmail.com (Tentative 1/5)
[2025-06-03 08:45:55] [WARNING] Échec de connexion pour l'email: admin@example.com (Tentative 1/5)
[2025-06-03 09:29:35] [WARNING] Échec de connexion pour l'email: bouchra@example.com (Tentative 1/5)
